2016-05-14 01:32:12 W hotelu Bristol Z pokoju nr 101 wychodzi mezczyzna nie uchwycony przez kamery i podchodzi do zasilania korkow w hotelu.
2016-05-14 01:33:51 Korki w hotelu Bristol zostaja wylaczone.
2016-05-14 01:33:51 W hotelu Bristol przestaly dzialac urzadzenia elektroniczne lacznie z kamerami.
2016-05-14 01:36:32 Recepcjonistka pani Agnieszka na nocnej zmianie w hotelu Bristol wzywa pomoc elektryka przez prywatny telefon.
2016-05-14 01:52:41 Do hotelu przychodzi czlowiek ubrany we flanelowa koszule.
2016-05-14 01:53:13 Czlowiek ubrany we flanelowa koszule rozmawia z recepcjonistka pania Agnieszka o awarii elektrycznej.
2016-05-14 01:58:45 Jan Kowalski zostaje postrzelony przez nieznanego czlowieka w hotelu Bristol w pokoju 312.
2016-05-14 01:58:45 w pokoju nr 315 w hotelu Bristol pani Lewandowska slyszy strzal dobiegajacy z pokoju 312.
2016-05-14 02:04:13 Czlowiek we flanelowej koszuli wlacza korki.
2016-05-14 02:04:13 W hotelu Bristol urzadzenia elektryczne wraz z kamerami zaczynaja dzialac.
2016-05-14 02:05:08 Pod hotel Bristol podjezdza czarne BMW bez oznakowany tablic rejestracyjnych.
2016-05-14 02:05:21 Czlowiek we flanelowej dostaje zaplate od recepcjonistki pani Agnieszki.
2016-05-14 02:06:52 Czlowiek we flanelowej koszuli wychodzi z hotelu Bristol.
2016-05-14 02:07:08 Czlowiek we flanelowej koszuli wsiada do czarnego BMW pod hotelem Bristol.
2016-05-14 02:07:21 Z pod hotelu Bristol odjezdza czarne BMW.
2016-05-14 02:11:11 Do hotelu Bristol przychodzi elektryk.
2016-05-14 02:12:32 Elektryk rozmawia o wezwaniu do hotelu z recepcjonistka pania Agnieszka.
2016-05-14 02:23:41 Elektryk wychodzi z hotelu Bristol.
2016-05-14 02:26:41 w pokoju nr 315 w hotelu Bristol pani Lewandowska nie moze spac z powodu niepokoju.
2016-05-14 02:43:12 w pokoju nr 315 w hotelu Bristol zasypia pani Lewandowska.
2016-05-14 06:03:18 Nastepuje wymiana recepcjonistek pani Agnieszki na pania Ewe.
2016-05-14 09:57:23 Sprzatacza pani Alicja rozpoczyna prace w hotelu Bristol.
2016-05-14 10:06:01 Sprzatacza pani Alicja wchodzi do pokoju nr. 311 w hotelu Bristol.
2016-05-14 10:06:35 Sprzatacza pani Alicja sprzata pokoj nr. 311 w hotelu Bristol.
2016-05-14 10:20:23 Sprzatacza pani Alicja wychodzi do pokoju nr. 311 w hotelu Bristol.
2016-05-14 10:33:34 Sprzatacza pani Alicja wchodzi do pokoju nr. 312 w hotelu Bristol.
2016-05-14 10:35:05 Sprzatacza pani Alicja znalazla martwe cialo Jana Kowalskiego w hotelu Bristol w pokoju 312.
